# JRE version: Java(TM) SE Runtime Environment (8.0_77-b03) (build 1.8.0_77-b03)
# Java VM: Java HotSpot(TM) 64-Bit Server VM (25.77-b03 mixed mode windows-amd64 compressed oops)
Heap:
 PSYoungGen      total 124416K, used 47097K [0x00000000d5f00000, 0x00000000dea80000, 0x0000000100000000)
  eden space 119296K, 35% used [0x00000000d5f00000,0x00000000d8801700,0x00000000dd380000)
  from space 5120K, 99% used [0x00000000de080000,0x00000000de57d030,0x00000000de580000)
  to   space 4608K, 0% used [0x00000000de600000,0x00000000de600000,0x00000000dea80000)
 ParOldGen       total 71680K, used 18958K [0x0000000081c00000, 0x0000000086200000, 0x00000000d5f00000)
  object space 71680K, 26% used [0x0000000081c00000,0x0000000082e83be0,0x0000000086200000)
 Metaspace       used 28281K, capacity 28754K, committed 29056K, reserved 1075200K
  class space    used 3527K, capacity 3642K, committed 3712K, reserved 1048576K
GC Heap History (10 events):
Event: 2.502 GC heap before
{Heap before GC invocations=2 (full 0):
 PSYoungGen      total 38400K, used 38276K [0x00000000d5f00000, 0x00000000daa00000, 0x0000000100000000)
  eden space 33280K, 100% used [0x00000000d5f00000,0x00000000d7f80000,0x00000000d7f80000)
  from space 5120K, 97% used [0x00000000d7f80000,0x00000000d8461250,0x00000000d8480000)
  to   space 5120K, 0% used [0x00000000da500000,0x00000000da500000,0x00000000daa00000)
 ParOldGen       total 87552K, used 8K [0x0000000081c00000, 0x0000000087180000, 0x00000000d5f00000)
  object space 87552K, 0% used [0x0000000081c00000,0x0000000081c02000,0x0000000087180000)
 Metaspace       used 12451K, capacity 12656K, committed 12672K, reserved 1060864K
  class space    used 1593K, capacity 1656K, committed 1664K, reserved 1048576K
Event: 2.520 GC heap after
Heap after GC invocations=2 (full 0):
 PSYoungGen      total 71680K, used 5099K [0x00000000d5f00000, 0x00000000daa00000, 0x0000000100000000)
  eden space 66560K, 0% used [0x00000000d5f00000,0x00000000d5f00000,0x00000000da000000)
  from space 5120K, 99% used [0x00000000da500000,0x00000000da9faf00,0x00000000daa00000)
  to   space 5120K, 0% used [0x00000000da000000,0x00000000da000000,0x00000000da500000)
 ParOldGen       total 87552K, used 3728K [0x0000000081c00000, 0x0000000087180000, 0x00000000d5f00000)
  object space 87552K, 4% used [0x0000000081c00000,0x0000000081fa4308,0x0000000087180000)
 Metaspace       used 12451K, capacity 12656K, committed 12672K, reserved 1060864K
  class space    used 1593K, capacity 1656K, committed 1664K, reserved 1048576K
}
Event: 3.909 GC heap before
{Heap before GC invocations=3 (full 0):
 PSYoungGen      total 71680K, used 65942K [0x00000000d5f00000, 0x00000000daa00000, 0x0000000100000000)
  eden space 66560K, 91% used [0x00000000d5f00000,0x00000000d9a6aaf8,0x00000000da000000)
  from space 5120K, 99% used [0x00000000da500000,0x00000000da9faf00,0x00000000daa00000)
  to   space 5120K, 0% used [0x00000000da000000,0x00000000da000000,0x00000000da500000)
 ParOldGen       total 87552K, used 3728K [0x0000000081c00000, 0x0000000087180000, 0x00000000d5f00000)
  object space 87552K, 4% used [0x0000000081c00000,0x0000000081fa4308,0x0000000087180000)
 Metaspace       used 20936K, capacity 21116K, committed 21296K, reserved 1069056K
  class space    used 2537K, capacity 2577K, committed 2688K, reserved 1048576K
Event: 3.953 GC heap after
Heap after GC invocations=3 (full 0):
 PSYoungGen      total 71680K, used 5112K [0x00000000d5f00000, 0x00000000deb00000, 0x0000000100000000)
  eden space 66560K, 0% used [0x00000000d5f00000,0x00000000d5f00000,0x00000000da000000)
  from space 5120K, 99% used [0x00000000da000000,0x00000000da4fe030,0x00000000da500000)
  to   space 5120K, 0% used [0x00000000de600000,0x00000000de600000,0x00000000deb00000)
 ParOldGen       total 87552K, used 11898K [0x0000000081c00000, 0x0000000087180000, 0x00000000d5f00000)
  object space 87552K, 13% used [0x0000000081c00000,0x000000008279e938,0x0000000087180000)
 Metaspace       used 20936K, capacity 21116K, committed 21296K, reserved 1069056K
  class space    used 2537K, capacity 2577K, committed 2688K, reserved 1048576K
}
Event: 3.953 GC heap before
{Heap before GC invocations=4 (full 1):
 PSYoungGen      total 71680K, used 5112K [0x00000000d5f00000, 0x00000000deb00000, 0x0000000100000000)
  eden space 66560K, 0% used [0x00000000d5f00000,0x00000000d5f00000,0x00000000da000000)
  from space 5120K, 99% used [0x00000000da000000,0x00000000da4fe030,0x00000000da500000)
  to   space 5120K, 0% used [0x00000000de600000,0x00000000de600000,0x00000000deb00000)
 ParOldGen       total 87552K, used 11898K [0x0000000081c00000, 0x0000000087180000, 0x00000000d5f00000)
  object space 87552K, 13% used [0x0000000081c00000,0x000000008279e938,0x0000000087180000)
 Metaspace       used 20936K, capacity 21116K, committed 21296K, reserved 1069056K
  class space    used 2537K, capacity 2577K, committed 2688K, reserved 1048576K
Event: 4.017 GC heap after
Heap after GC invocations=4 (full 1):
 PSYoungGen      total 71680K, used 0K [0x00000000d5f00000, 0x00000000deb00000, 0x0000000100000000)
  eden space 66560K, 0% used [0x00000000d5f00000,0x00000000d5f00000,0x00000000da000000)
  from space 5120K, 0% used [0x00000000da000000,0x00000000da000000,0x00000000da500000)
  to   space 5120K, 0% used [0x00000000de600000,0x00000000de600000,0x00000000deb00000)
 ParOldGen       total 71680K, used 14254K [0x0000000081c00000, 0x0000000086200000, 0x00000000d5f00000)
  object space 71680K, 19% used [0x0000000081c00000,0x00000000829eb938,0x0000000086200000)
 Metaspace       used 20936K, capacity 21116K, committed 21296K, reserved 1069056K
  class space    used 2537K, capacity 2577K, committed 2688K, reserved 1048576K
}
Event: 4.607 GC heap before
{Heap before GC invocations=5 (full 1):
 PSYoungGen      total 71680K, used 66560K [0x00000000d5f00000, 0x00000000deb00000, 0x0000000100000000)
  eden space 66560K, 100% used [0x00000000d5f00000,0x00000000da000000,0x00000000da000000)
  from space 5120K, 0% used [0x00000000da000000,0x00000000da000000,0x00000000da500000)
  to   space 5120K, 0% used [0x00000000de600000,0x00000000de600000,0x00000000deb00000)
 ParOldGen       total 71680K, used 14254K [0x0000000081c00000, 0x0000000086200000, 0x00000000d5f00000)
  object space 71680K, 19% used [0x0000000081c00000,0x00000000829eb938,0x0000000086200000)
 Metaspace       used 22525K, capacity 22836K, committed 23088K, reserved 1069056K
  class space    used 2737K, capacity 2837K, committed 2944K, reserved 1048576K
Event: 4.741 GC heap after
Heap after GC invocations=5 (full 1):
 PSYoungGen      total 123904K, used 4184K [0x00000000d5f00000, 0x00000000dea80000, 0x0000000100000000)
  eden space 119296K, 0% used [0x00000000d5f00000,0x00000000d5f00000,0x00000000dd380000)
  from space 4608K, 90% used [0x00000000de600000,0x00000000dea160e8,0x00000000dea80000)
  to   space 5120K, 0% used [0x00000000de080000,0x00000000de080000,0x00000000de580000)
 ParOldGen       total 71680K, used 14262K [0x0000000081c00000, 0x0000000086200000, 0x00000000d5f00000)
  object space 71680K, 19% used [0x0000000081c00000,0x00000000829ed938,0x0000000086200000)
 Metaspace       used 22525K, capacity 22836K, committed 23088K, reserved 1069056K
  class space    used 2737K, capacity 2837K, committed 2944K, reserved 1048576K
}
Event: 5.886 GC heap before
{Heap before GC invocations=6 (full 1):
 PSYoungGen      total 123904K, used 123480K [0x00000000d5f00000, 0x00000000dea80000, 0x0000000100000000)
  eden space 119296K, 100% used [0x00000000d5f00000,0x00000000dd380000,0x00000000dd380000)
  from space 4608K, 90% used [0x00000000de600000,0x00000000dea160e8,0x00000000dea80000)
  to   space 5120K, 0% used [0x00000000de080000,0x00000000de080000,0x00000000de580000)
 ParOldGen       total 71680K, used 14262K [0x0000000081c00000, 0x0000000086200000, 0x00000000d5f00000)
  object space 71680K, 19% used [0x0000000081c00000,0x00000000829ed938,0x0000000086200000)
 Metaspace       used 26778K, capacity 27202K, committed 27520K, reserved 1073152K
  class space    used 3304K, capacity 3426K, committed 3456K, reserved 1048576K
Event: 5.895 GC heap after
Heap after GC invocations=6 (full 1):
 PSYoungGen      total 124416K, used 5108K [0x00000000d5f00000, 0x00000000dea80000, 0x0000000100000000)
  eden space 119296K, 0% used [0x00000000d5f00000,0x00000000d5f00000,0x00000000dd380000)
  from space 5120K, 99% used [0x00000000de080000,0x00000000de57d030,0x00000000de580000)
  to   space 4608K, 0% used [0x00000000de600000,0x00000000de600000,0x00000000dea80000)
 ParOldGen       total 71680K, used 18958K [0x0000000081c00000, 0x0000000086200000, 0x00000000d5f00000)
  object space 71680K, 26% used [0x0000000081c00000,0x0000000082e83be0,0x0000000086200000)
 Metaspace       used 26778K, capacity 27202K, committed 27520K, reserved 1073152K
  class space    used 3304K, capacity 3426K, committed 3456K, reserved 1048576K
}

